build/app/intermediates/manifest_merge_blame_file/debug/processDebugMainManifest/manifest-merger-blame-debug-report.txt
1<?xml version="1.0" encoding="utf-8"?>
2<manifest xmlns:android="http://schemas.android.com/apk/res/android"
3    package="com.example.travel_app"
4    android:versionCode="1"
5    android:versionName="1.0.0" >
6
7    <uses-sdk
8        android:minSdkVersion="21"
9        android:targetSdkVersion="35" />
10    <!--
11         The INTERNET permission is required for development. Specifically,
12         the Flutter tool needs it to communicate with the running application
13         to allow setting breakpoints, to provide hot reload, etc.
14    -->
15    <uses-permission android:name="android.permission.INTERNET" />
15-->src\main\AndroidManifest.xml:4:5-66
15-->src\main\AndroidManifest.xml:4:22-64
16    <uses-permission android:name="android.permission.ACCESS_FINE_LOCATION" />
16-->src\main\AndroidManifest.xml:2:5-78
16-->src\main\AndroidManifest.xml:2:22-76
17    <uses-permission android:name="android.permission.ACCESS_COARSE_LOCATION" />
17-->src\main\AndroidManifest.xml:3:5-80
17-->src\main\AndroidManifest.xml:3:22-78
18
19    <uses-feature
19-->src\main\AndroidManifest.xml:5:5-7:36
20        android:name="android.hardware.camera"
20-->src\main\AndroidManifest.xml:6:9-47
21        android:required="false" />
21-->src\main\AndroidManifest.xml:7:9-33
22    <!--
23 Required to query activities that can process text, see:
24         https://developer.android.com/training/package-visibility and
25         https://developer.android.com/reference/android/content/Intent#ACTION_PROCESS_TEXT.
26
27         In particular, this is used by the Flutter engine in io.flutter.plugin.text.ProcessTextPlugin.
28    -->
29    <queries>
29-->src\main\AndroidManifest.xml:48:5-57:15
30        <intent>
30-->src\main\AndroidManifest.xml:49:9-52:18
31            <action android:name="android.intent.action.PROCESS_TEXT" />
31-->src\main\AndroidManifest.xml:50:13-72
31-->src\main\AndroidManifest.xml:50:21-70
32
33            <data android:mimeType="text/plain" />
33-->src\main\AndroidManifest.xml:51:13-50
33-->src\main\AndroidManifest.xml:51:19-48
34        </intent>
35        <intent>
35-->src\main\AndroidManifest.xml:53:9-56:18
36            <action android:name="android.intent.action.VIEW" />
36-->src\main\AndroidManifest.xml:54:13-65
36-->src\main\AndroidManifest.xml:54:21-62
37
38            <data android:scheme="geo" />
38-->src\main\AndroidManifest.xml:51:13-50
39        </intent>
40        <!-- Needs to be explicitly declared on Android R+ -->
41        <package android:name="com.google.android.apps.maps" />
41-->[com.google.android.gms:play-services-maps:18.2.0] AndroidManifest.xml:33:9-64
41-->[com.google.android.gms:play-services-maps:18.2.0] AndroidManifest.xml:33:18-61
42    </queries>
43
44    <uses-permission android:name="android.permission.READ_EXTERNAL_STORAGE" />
44-->src\main\AndroidManifest.xml:58:5-79
44-->src\main\AndroidManifest.xml:58:22-77
45    <uses-permission android:name="android.permission.CAMERA" />
45-->src\main\AndroidManifest.xml:59:5-64
45-->src\main\AndroidManifest.xml:59:22-62
46    <uses-permission android:name="android.permission.READ_MEDIA_IMAGES" /> <!-- Include required permissions for Google Maps API to run. -->
46-->src\main\AndroidManifest.xml:60:5-75
46-->src\main\AndroidManifest.xml:60:22-73
47    <uses-permission android:name="android.permission.ACCESS_NETWORK_STATE" />
47-->[com.google.android.gms:play-services-maps:18.2.0] AndroidManifest.xml:23:5-79
47-->[com.google.android.gms:play-services-maps:18.2.0] AndroidManifest.xml:23:22-76
48
49    <uses-feature
49-->[com.google.android.gms:play-services-maps:18.2.0] AndroidManifest.xml:26:5-28:35
50        android:glEsVersion="0x00020000"
50-->[com.google.android.gms:play-services-maps:18.2.0] AndroidManifest.xml:27:9-41
51        android:required="true" />
51-->[com.google.android.gms:play-services-maps:18.2.0] AndroidManifest.xml:28:9-32
52
53    <permission
53-->[androidx.core:core:1.13.1] AndroidManifest.xml:22:5-24:47
54        android:name="com.example.travel_app.DYNAMIC_RECEIVER_NOT_EXPORTED_PERMISSION"
54-->[androidx.core:core:1.13.1] AndroidManifest.xml:23:9-81
55        android:protectionLevel="signature" />
55-->[androidx.core:core:1.13.1] AndroidManifest.xml:24:9-44
56
57    <uses-permission android:name="com.example.travel_app.DYNAMIC_RECEIVER_NOT_EXPORTED_PERMISSION" />
57-->[androidx.core:core:1.13.1] AndroidManifest.xml:26:5-97
57-->[androidx.core:core:1.13.1] AndroidManifest.xml:26:22-94
58
59    <application
60        android:name="android.app.Application"
61        android:appComponentFactory="androidx.core.app.CoreComponentFactory"
61-->[androidx.core:core:1.13.1] AndroidManifest.xml:28:18-86
62        android:debuggable="true"
63        android:extractNativeLibs="true"
64        android:icon="@mipmap/ic_launcher"
65        android:label="travel_app" >
66        <activity
67            android:name="com.example.travel_app.MainActivity"
68            android:configChanges="orientation|keyboardHidden|keyboard|screenSize|smallestScreenSize|locale|layoutDirection|fontScale|screenLayout|density|uiMode"
69            android:exported="true"
70            android:hardwareAccelerated="true"
71            android:launchMode="singleTop"
72            android:taskAffinity=""
73            android:theme="@style/LaunchTheme"
74            android:windowSoftInputMode="adjustResize" >
75
76            <!--
77                 Specifies an Android theme to apply to this Activity as soon as
78                 the Android process has started. This theme is visible to the user
79                 while the Flutter UI initializes. After that, this theme continues
80                 to determine the Window background behind the Flutter UI.
81            -->
82            <meta-data
83                android:name="io.flutter.embedding.android.NormalTheme"
84                android:resource="@style/NormalTheme" />
85
86            <intent-filter>
87                <action android:name="android.intent.action.MAIN" />
88
89                <category android:name="android.intent.category.LAUNCHER" />
90            </intent-filter>
91        </activity>
92        <!--
93             Don't delete the meta-data below.
94             This is used by the Flutter tool to generate GeneratedPluginRegistrant.java
95        -->
96        <meta-data
97            android:name="flutterEmbedding"
98            android:value="2" />
99        <meta-data
100            android:name="com.google.android.geo.API_KEY"
101            android:value="AIzaSyCJ13S9CPWC8jMgporcC2cTFCM65-zIPHQ" />
102
103        <service
103-->[:geolocator_android] AndroidManifest.xml:8:9-12:56
104            android:name="com.baseflow.geolocator.GeolocatorLocationService"
104-->[:geolocator_android] AndroidManifest.xml:9:13-77
105            android:enabled="true"
105-->[:geolocator_android] AndroidManifest.xml:10:13-35
106            android:exported="false"
106-->[:geolocator_android] AndroidManifest.xml:11:13-37
107            android:foregroundServiceType="location" />
107-->[:geolocator_android] AndroidManifest.xml:12:13-53
108
109        <provider
109-->[:image_picker_android] AndroidManifest.xml:9:9-17:20
110            android:name="io.flutter.plugins.imagepicker.ImagePickerFileProvider"
110-->[:image_picker_android] AndroidManifest.xml:10:13-82
111            android:authorities="com.example.travel_app.flutter.image_provider"
111-->[:image_picker_android] AndroidManifest.xml:11:13-74
112            android:exported="false"
112-->[:image_picker_android] AndroidManifest.xml:12:13-37
113            android:grantUriPermissions="true" >
113-->[:image_picker_android] AndroidManifest.xml:13:13-47
114            <meta-data
114-->[:image_picker_android] AndroidManifest.xml:14:13-16:75
115                android:name="android.support.FILE_PROVIDER_PATHS"
115-->[:image_picker_android] AndroidManifest.xml:15:17-67
116                android:resource="@xml/flutter_image_picker_file_paths" />
116-->[:image_picker_android] AndroidManifest.xml:16:17-72
117        </provider> <!-- Trigger Google Play services to install the backported photo picker module. -->
118        <service
118-->[:image_picker_android] AndroidManifest.xml:19:9-31:19
119            android:name="com.google.android.gms.metadata.ModuleDependencies"
119-->[:image_picker_android] AndroidManifest.xml:20:13-78
120            android:enabled="false"
120-->[:image_picker_android] AndroidManifest.xml:21:13-36
121            android:exported="false" >
121-->[:image_picker_android] AndroidManifest.xml:22:13-37
122            <intent-filter>
122-->[:image_picker_android] AndroidManifest.xml:24:13-26:29
123                <action android:name="com.google.android.gms.metadata.MODULE_DEPENDENCIES" />
123-->[:image_picker_android] AndroidManifest.xml:25:17-94
123-->[:image_picker_android] AndroidManifest.xml:25:25-91
124            </intent-filter>
125
126            <meta-data
126-->[:image_picker_android] AndroidManifest.xml:28:13-30:36
127                android:name="photopicker_activity:0:required"
127-->[:image_picker_android] AndroidManifest.xml:29:17-63
128                android:value="" />
128-->[:image_picker_android] AndroidManifest.xml:30:17-33
129        </service>
130        <!--
131           Declares a provider which allows us to store files to share in
132           '.../caches/share_plus' and grant the receiving action access
133        -->
134        <provider
134-->[:share_plus] AndroidManifest.xml:13:9-21:20
135            android:name="dev.fluttercommunity.plus.share.ShareFileProvider"
135-->[:share_plus] AndroidManifest.xml:14:13-77
136            android:authorities="com.example.travel_app.flutter.share_provider"
136-->[:share_plus] AndroidManifest.xml:15:13-74
137            android:exported="false"
137-->[:share_plus] AndroidManifest.xml:16:13-37
138            android:grantUriPermissions="true" >
138-->[:share_plus] AndroidManifest.xml:17:13-47
139            <meta-data
139-->[:image_picker_android] AndroidManifest.xml:14:13-16:75
140                android:name="android.support.FILE_PROVIDER_PATHS"
140-->[:image_picker_android] AndroidManifest.xml:15:17-67
141                android:resource="@xml/flutter_share_file_paths" />
141-->[:image_picker_android] AndroidManifest.xml:16:17-72
142        </provider>
143        <!--
144           This manifest declared broadcast receiver allows us to use an explicit
145           Intent when creating a PendingItent to be informed of the user's choice
146        -->
147        <receiver
147-->[:share_plus] AndroidManifest.xml:26:9-32:20
148            android:name="dev.fluttercommunity.plus.share.SharePlusPendingIntent"
148-->[:share_plus] AndroidManifest.xml:27:13-82
149            android:exported="false" >
149-->[:share_plus] AndroidManifest.xml:28:13-37
150            <intent-filter>
150-->[:share_plus] AndroidManifest.xml:29:13-31:29
151                <action android:name="EXTRA_CHOSEN_COMPONENT" />
151-->[:share_plus] AndroidManifest.xml:30:17-65
151-->[:share_plus] AndroidManifest.xml:30:25-62
152            </intent-filter>
153        </receiver>
154
155        <activity
155-->[:url_launcher_android] AndroidManifest.xml:8:9-11:74
156            android:name="io.flutter.plugins.urllauncher.WebViewActivity"
156-->[:url_launcher_android] AndroidManifest.xml:9:13-74
157            android:exported="false"
157-->[:url_launcher_android] AndroidManifest.xml:10:13-37
158            android:theme="@android:style/Theme.NoTitleBar.Fullscreen" /> <!-- Needs to be explicitly declared on P+ -->
158-->[:url_launcher_android] AndroidManifest.xml:11:13-71
159        <uses-library
159-->[com.google.android.gms:play-services-maps:18.2.0] AndroidManifest.xml:39:9-41:40
160            android:name="org.apache.http.legacy"
160-->[com.google.android.gms:play-services-maps:18.2.0] AndroidManifest.xml:40:13-50
161            android:required="false" />
161-->[com.google.android.gms:play-services-maps:18.2.0] AndroidManifest.xml:41:13-37
162
163        <activity
163-->[com.google.android.gms:play-services-base:18.3.0] AndroidManifest.xml:20:9-22:45
164            android:name="com.google.android.gms.common.api.GoogleApiActivity"
164-->[com.google.android.gms:play-services-base:18.3.0] AndroidManifest.xml:20:19-85
165            android:exported="false"
165-->[com.google.android.gms:play-services-base:18.3.0] AndroidManifest.xml:22:19-43
166            android:theme="@android:style/Theme.Translucent.NoTitleBar" />
166-->[com.google.android.gms:play-services-base:18.3.0] AndroidManifest.xml:21:19-78
167
168        <meta-data
168-->[com.google.android.gms:play-services-basement:18.3.0] AndroidManifest.xml:21:9-23:69
169            android:name="com.google.android.gms.version"
169-->[com.google.android.gms:play-services-basement:18.3.0] AndroidManifest.xml:22:13-58
170            android:value="@integer/google_play_services_version" />
170-->[com.google.android.gms:play-services-basement:18.3.0] AndroidManifest.xml:23:13-66
171
172        <uses-library
172-->[androidx.window:window:1.2.0] AndroidManifest.xml:23:9-25:40
173            android:name="androidx.window.extensions"
173-->[androidx.window:window:1.2.0] AndroidManifest.xml:24:13-54
174            android:required="false" />
174-->[androidx.window:window:1.2.0] AndroidManifest.xml:25:13-37
175        <uses-library
175-->[androidx.window:window:1.2.0] AndroidManifest.xml:26:9-28:40
176            android:name="androidx.window.sidecar"
176-->[androidx.window:window:1.2.0] AndroidManifest.xml:27:13-51
177            android:required="false" />
177-->[androidx.window:window:1.2.0] AndroidManifest.xml:28:13-37
178
179        <provider
179-->[androidx.lifecycle:lifecycle-process:2.7.0] AndroidManifest.xml:24:9-32:20
180            android:name="androidx.startup.InitializationProvider"
180-->[androidx.lifecycle:lifecycle-process:2.7.0] AndroidManifest.xml:25:13-67
181            android:authorities="com.example.travel_app.androidx-startup"
181-->[androidx.lifecycle:lifecycle-process:2.7.0] AndroidManifest.xml:26:13-68
182            android:exported="false" >
182-->[androidx.lifecycle:lifecycle-process:2.7.0] AndroidManifest.xml:27:13-37
183            <meta-data
183-->[androidx.lifecycle:lifecycle-process:2.7.0] AndroidManifest.xml:29:13-31:52
184                android:name="androidx.lifecycle.ProcessLifecycleInitializer"
184-->[androidx.lifecycle:lifecycle-process:2.7.0] AndroidManifest.xml:30:17-78
185                android:value="androidx.startup" />
185-->[androidx.lifecycle:lifecycle-process:2.7.0] AndroidManifest.xml:31:17-49
186            <meta-data
186-->[androidx.profileinstaller:profileinstaller:1.3.1] AndroidManifest.xml:29:13-31:52
187                android:name="androidx.profileinstaller.ProfileInstallerInitializer"
187-->[androidx.profileinstaller:profileinstaller:1.3.1] AndroidManifest.xml:30:17-85
188                android:value="androidx.startup" />
188-->[androidx.profileinstaller:profileinstaller:1.3.1] AndroidManifest.xml:31:17-49
189        </provider>
190
191        <receiver
191-->[androidx.profileinstaller:profileinstaller:1.3.1] AndroidManifest.xml:34:9-52:20
192            android:name="androidx.profileinstaller.ProfileInstallReceiver"
192-->[androidx.profileinstaller:profileinstaller:1.3.1] AndroidManifest.xml:35:13-76
193            android:directBootAware="false"
193-->[androidx.profileinstaller:profileinstaller:1.3.1] AndroidManifest.xml:36:13-44
194            android:enabled="true"
194-->[androidx.profileinstaller:profileinstaller:1.3.1] AndroidManifest.xml:37:13-35
195            android:exported="true"
195-->[androidx.profileinstaller:profileinstaller:1.3.1] AndroidManifest.xml:38:13-36
196            android:permission="android.permission.DUMP" >
196-->[androidx.profileinstaller:profileinstaller:1.3.1] AndroidManifest.xml:39:13-57
197            <intent-filter>
197-->[androidx.profileinstaller:profileinstaller:1.3.1] AndroidManifest.xml:40:13-42:29
198                <action android:name="androidx.profileinstaller.action.INSTALL_PROFILE" />
198-->[androidx.profileinstaller:profileinstaller:1.3.1] AndroidManifest.xml:41:17-91
198-->[androidx.profileinstaller:profileinstaller:1.3.1] AndroidManifest.xml:41:25-88
199            </intent-filter>
200            <intent-filter>
200-->[androidx.profileinstaller:profileinstaller:1.3.1] AndroidManifest.xml:43:13-45:29
201                <action android:name="androidx.profileinstaller.action.SKIP_FILE" />
201-->[androidx.profileinstaller:profileinstaller:1.3.1] AndroidManifest.xml:44:17-85
201-->[androidx.profileinstaller:profileinstaller:1.3.1] AndroidManifest.xml:44:25-82
202            </intent-filter>
203            <intent-filter>
203-->[androidx.profileinstaller:profileinstaller:1.3.1] AndroidManifest.xml:46:13-48:29
204                <action android:name="androidx.profileinstaller.action.SAVE_PROFILE" />
204-->[androidx.profileinstaller:profileinstaller:1.3.1] AndroidManifest.xml:47:17-88
204-->[androidx.profileinstaller:profileinstaller:1.3.1] AndroidManifest.xml:47:25-85
205            </intent-filter>
206            <intent-filter>
206-->[androidx.profileinstaller:profileinstaller:1.3.1] AndroidManifest.xml:49:13-51:29
207                <action android:name="androidx.profileinstaller.action.BENCHMARK_OPERATION" />
207-->[androidx.profileinstaller:profileinstaller:1.3.1] AndroidManifest.xml:50:17-95
207-->[androidx.profileinstaller:profileinstaller:1.3.1] AndroidManifest.xml:50:25-92
208            </intent-filter>
209        </receiver>
210    </application>
211
212</manifest>